
> altynverse@0.0.1 dev
> ts-node-dev src/index.ts

node:internal/modules/cjs/loader:1215
  throw err;
  ^

Error: Cannot find module './lib/opts-arg.js'
Require stack:
- /home/rashid/github/altynverse/node_modules/mkdirp/index.js
- /home/rashid/github/altynverse/node_modules/ts-node-dev/lib/compiler.js
- /home/rashid/github/altynverse/node_modules/ts-node-dev/lib/index.js
- /home/rashid/github/altynverse/node_modules/ts-node-dev/lib/bin.js
    at Module._resolveFilename (node:internal/modules/cjs/loader:1212:15)
    at Module._load (node:internal/modules/cjs/loader:1043:27)
    at Module.require (node:internal/modules/cjs/loader:1298:19)
    at require (node:internal/modules/helpers:182:18)
    at Object.<anonymous> (/home/rashid/github/altynverse/node_modules/mkdirp/index.js:1:17)
    at Module._compile (node:internal/modules/cjs/loader:1529:14)
    at Module._extensions..js (node:internal/modules/cjs/loader:1613:10)
    at Module.load (node:internal/modules/cjs/loader:1275:32)
    at Module._load (node:internal/modules/cjs/loader:1096:12)
    at Module.require (node:internal/modules/cjs/loader:1298:19) {
  code: 'MODULE_NOT_FOUND',
  requireStack: [
    '/home/rashid/github/altynverse/node_modules/mkdirp/index.js',
    '/home/rashid/github/altynverse/node_modules/ts-node-dev/lib/compiler.js',
    '/home/rashid/github/altynverse/node_modules/ts-node-dev/lib/index.js',
    '/home/rashid/github/altynverse/node_modules/ts-node-dev/lib/bin.js'
  ]
}



rashid@Altyn:~/github/altynverse$ git push --force origin main
error: src refspec main ничему не соответствует
error: не удалось отправить некоторые ссылки в «github.com:dzhigit/metaverse.git»


9.2, typescript ver. 5.8.3)
TypeError: Missing parameter name at 1: https://git.new/pathToRegexpError
    at name (/home/rashid/github/altynverse/node_modules/path-to-regexp/src/index.ts:153:13)
    at lexer (/home/rashid/github/altynverse/node_modules/path-to-regexp/src/index.ts:171:21)
    at lexer.next (<anonymous>)
    at Iter.peek (/home/rashid/github/altynverse/node_modules/path-to-regexp/src/index.ts:188:32)
    at Iter.tryConsume (/home/rashid/github/altynverse/node_modules/path-to-regexp/src/index.ts:195:24)
    at Iter.text (/home/rashid/github/altynverse/node_modules/path-to-regexp/src/index.ts:213:26)
    at consume (/home/rashid/github/altynverse/node_modules/path-to-regexp/src/index.ts:285:23)
    at parse (/home/rashid/github/altynverse/node_modules/path-to-regexp/src/index.ts:320:18)
    at /home/rashid/github/altynverse/node_modules/path-to-regexp/src/index.ts:503:40
    at Array.map (<anonymous>)
[ERROR] 15:31:28 TypeError: Missing parameter name at 1: https://git.new/pathToRegexpError
[INFO] 15:14:10 ts-node-dev ver. 2.0.0 (using ts-node ver. 10.9.2, typescript ver. 5.8.3)
TypeError: Missing parameter name at 1: https://git.new/pathToRegexpError
    at name (/home/rashid/github/altynverse/node_modules/path-to-regexp/src/index.ts:153:13)
    at lexer (/home/rashid/github/altynverse/node_modules/path-to-regexp/src/index.ts:171:21)
    at lexer.next (<anonymous>)
    at Iter.peek (/home/rashid/github/altynverse/node_modules/path-to-regexp/src/index.ts:188:32)
    at Iter.tryConsume (/home/rashid/github/altynverse/node_modules/path-to-regexp/src/index.ts:195:24)
    at Iter.text (/home/rashid/github/altynverse/node_modules/path-to-regexp/src/index.ts:213:26)
    at consume (/home/rashid/github/altynverse/node_modules/path-to-regexp/src/index.ts:285:23)
    at parse (/home/rashid/github/altynverse/node_modules/path-to-regexp/src/index.ts:320:18)
    at /home/rashid/github/altynverse/node_modules/path-to-regexp/src/index.ts:503:40
    at Array.map (<anonymous>)
[ERROR] 15:14:12 TypeError: Missing parameter name at 1: https://git.new/pathToRegexpError
